\BOOKMARK [0][-]{chapter.1}{Einleitung}{}% 1
\BOOKMARK [0][-]{chapter.2}{Aufgabestellung}{}% 2
\BOOKMARK [1][-]{section.2.1}{Anforderungen}{chapter.2}% 3
\BOOKMARK [1][-]{section.2.2}{Variantenmanagement Software}{chapter.2}% 4
\BOOKMARK [1][-]{section.2.3}{Neue Anforderungen}{chapter.2}% 5
\BOOKMARK [0][-]{chapter.3}{Fachliches Umfeld}{}% 6
\BOOKMARK [1][-]{section.3.1}{TESTONA}{chapter.3}% 7
\BOOKMARK [2][-]{subsection.3.1.1}{Klassifikationsbaum-Methode}{section.3.1}% 8
\BOOKMARK [2][-]{subsection.3.1.2}{Testf\344lle und Testfallgenerierung}{section.3.1}% 9
\BOOKMARK [2][-]{subsection.3.1.3}{Abh\344ngigskeitsregeln}{section.3.1}% 10
\BOOKMARK [1][-]{section.3.2}{IBM Rational DOORS}{chapter.3}% 11
\BOOKMARK [1][-]{section.3.3}{Variantenmanagement}{chapter.3}% 12
\BOOKMARK [1][-]{section.3.4}{Entwicklungsumgebung und Programmiersprache}{chapter.3}% 13
\BOOKMARK [2][-]{subsection.3.4.1}{Eclipse}{section.3.4}% 14
\BOOKMARK [2][-]{subsection.3.4.2}{Plug-ins}{section.3.4}% 15
\BOOKMARK [2][-]{subsection.3.4.3}{Standard Widget Toolkit \(SWT\)}{section.3.4}% 16
\BOOKMARK [2][-]{subsection.3.4.4}{JFace}{section.3.4}% 17
\BOOKMARK [2][-]{subsection.3.4.5}{Tags}{section.3.4}% 18
\BOOKMARK [0][-]{chapter.4}{L\366sungsansatz}{}% 19
\BOOKMARK [1][-]{section.4.1}{Parameterspeicherung}{chapter.4}% 20
\BOOKMARK [1][-]{section.4.2}{Visualisierung}{chapter.4}% 21
\BOOKMARK [1][-]{section.4.3}{Testg\374ltigkeit}{chapter.4}% 22
\BOOKMARK [1][-]{section.4.4}{Benutzeroberfl\344che}{chapter.4}% 23
\BOOKMARK [0][-]{chapter.5}{Systementwurf}{}% 24
\BOOKMARK [1][-]{section.5.1}{Variantenmanagement und Parameter}{chapter.5}% 25
\BOOKMARK [2][-]{subsection.5.1.1}{VariantsManager}{section.5.1}% 26
\BOOKMARK [2][-]{subsection.5.1.2}{ResourceSetListener}{section.5.1}% 27
\BOOKMARK [2][-]{subsection.5.1.3}{Parameter-Tag}{section.5.1}% 28
\BOOKMARK [2][-]{subsection.5.1.4}{ParameterManager}{section.5.1}% 29
\BOOKMARK [2][-]{subsection.5.1.5}{Kommandos}{section.5.1}% 30
\BOOKMARK [2][-]{subsection.5.1.6}{Die DOORS Verbindng}{section.5.1}% 31
\BOOKMARK [1][-]{section.5.2}{Darstellung der Parameterwerte}{chapter.5}% 32
\BOOKMARK [1][-]{section.5.3}{Testfallgenerierung und Optimierung}{chapter.5}% 33
\BOOKMARK [0][-]{chapter.6}{Evaluierung}{}% 34
\BOOKMARK [1][-]{section.6.1}{Chances of Failure}{chapter.6}% 35
\BOOKMARK [0][-]{chapter.7}{Zusammenfassung und Ausblick}{}% 36
\BOOKMARK [1][-]{section.7.1}{Optimierungskriterien}{chapter.7}% 37
\BOOKMARK [0][-]{appendix.A}{Anhang}{}% 38
\BOOKMARK [1][-]{section.A.1}{CD}{appendix.A}% 39
\BOOKMARK [1][-]{section.A.2}{ParameterMananger Klassendiagramm}{appendix.A}% 40
\BOOKMARK [1][-]{section.A.3}{code 2}{appendix.A}% 41
\BOOKMARK [0][-]{lstnumber.-3.2}{Literatur- und Quellenverzeichnis}{}% 42
